<?xml version="1.0" encoding="UTF-8"?>
<!-- Generated by org.testng.reporters.JUnitReportReporter -->
<testsuite hostname="CC" name="com.Framework.signIn.Index.SignInIndex" tests="1" failures="0" timestamp="6 Sep 2017 07:48:27 GMT" time="56.927" errors="0">
  <testcase name="signinGmail" time="56.927" classname="com.Framework.signIn.Index.SignInIndex"/>
</testsuite> <!-- com.Framework.signIn.Index.SignInIndex -->
